-------------------------------------------------------------------------------
Test set: sia.tacocloud.TacoCloudApplicationTests
-------------------------------------------------------------------------------
Tests run: 1, Failures: 0, Errors: 1, Skipped: 0, Time elapsed: 2.295 s <<< FAILURE! - in sia.tacocloud.TacoCloudApplicationTests
contextLoads  Time elapsed: 0.003 s  <<< ERROR!
java.lang.IllegalStateException: Failed to load ApplicationContext
Caused by: org.springframework.beans.factory.UnsatisfiedDependencyException: 
Error creating bean with name 'designTacoController' defined in file [/home/petrarca/Documents/Projects/Spring-in-action/Taco_App/target/classes/sia/tacocloud/DesignTacoController.class]: Unsatisfied dependency expressed through constructor parameter 0; nested exception is org.springframework.beans.factory.UnsatisfiedDependencyException: Error creating bean with name 'jdbcIngredientRepositoryImpl' defined in file [/home/petrarca/Documents/Projects/Spring-in-action/Taco_App/target/classes/sia/tacocloud/JdbcIngredientRepositoryImpl.class]: Unsatisfied dependency expressed through constructor parameter 0; nested exception is org.springframework.beans.factory.UnsatisfiedDependencyException: Error creating bean with name 'jdbcTemplate' defined in class path resource [org/springframework/boot/autoconfigure/jdbc/JdbcTemplateConfiguration.class]: Unsatisfied dependency expressed through method 'jdbcTemplate' parameter 0; nested exception is org.springframework.beans.factory.BeanCreationException: Error creating bean with name 'dataSource' defined in class path resource [org/springframework/boot/autoconfigure/jdbc/DataSourceConfiguration$Hikari.class]: Initialization of bean failed; nested exception is org.springframework.beans.factory.BeanCreationException: Error creating bean with name 'org.springframework.boot.autoconfigure.jdbc.DataSourceInitializerInvoker': Invocation of init method failed; nested exception is org.springframework.jdbc.datasource.init.ScriptStatementFailedException: Failed to execute SQL script statement #1 of URL [file:/home/petrarca/Documents/Projects/Spring-in-action/Taco_App/target/classes/data.sql]: DELETE FROM Taco_Oorder_Tacos; nested exception is org.h2.jdbc.JdbcSQLSyntaxErrorException: Table "TACO_OORDER_TACOS" not found; SQL statement:
DELETE FROM Taco_Oorder_Tacos [42102-199]
Caused by: org.springframework.beans.factory.UnsatisfiedDependencyException: 
Error creating bean with name 'jdbcIngredientRepositoryImpl' defined in file [/home/petrarca/Documents/Projects/Spring-in-action/Taco_App/target/classes/sia/tacocloud/JdbcIngredientRepositoryImpl.class]: Unsatisfied dependency expressed through constructor parameter 0; nested exception is org.springframework.beans.factory.UnsatisfiedDependencyException: Error creating bean with name 'jdbcTemplate' defined in class path resource [org/springframework/boot/autoconfigure/jdbc/JdbcTemplateConfiguration.class]: Unsatisfied dependency expressed through method 'jdbcTemplate' parameter 0; nested exception is org.springframework.beans.factory.BeanCreationException: Error creating bean with name 'dataSource' defined in class path resource [org/springframework/boot/autoconfigure/jdbc/DataSourceConfiguration$Hikari.class]: Initialization of bean failed; nested exception is org.springframework.beans.factory.BeanCreationException: Error creating bean with name 'org.springframework.boot.autoconfigure.jdbc.DataSourceInitializerInvoker': Invocation of init method failed; nested exception is org.springframework.jdbc.datasource.init.ScriptStatementFailedException: Failed to execute SQL script statement #1 of URL [file:/home/petrarca/Documents/Projects/Spring-in-action/Taco_App/target/classes/data.sql]: DELETE FROM Taco_Oorder_Tacos; nested exception is org.h2.jdbc.JdbcSQLSyntaxErrorException: Table "TACO_OORDER_TACOS" not found; SQL statement:
DELETE FROM Taco_Oorder_Tacos [42102-199]
Caused by: org.springframework.beans.factory.UnsatisfiedDependencyException: 
Error creating bean with name 'jdbcTemplate' defined in class path resource [org/springframework/boot/autoconfigure/jdbc/JdbcTemplateConfiguration.class]: Unsatisfied dependency expressed through method 'jdbcTemplate' parameter 0; nested exception is org.springframework.beans.factory.BeanCreationException: Error creating bean with name 'dataSource' defined in class path resource [org/springframework/boot/autoconfigure/jdbc/DataSourceConfiguration$Hikari.class]: Initialization of bean failed; nested exception is org.springframework.beans.factory.BeanCreationException: Error creating bean with name 'org.springframework.boot.autoconfigure.jdbc.DataSourceInitializerInvoker': Invocation of init method failed; nested exception is org.springframework.jdbc.datasource.init.ScriptStatementFailedException: Failed to execute SQL script statement #1 of URL [file:/home/petrarca/Documents/Projects/Spring-in-action/Taco_App/target/classes/data.sql]: DELETE FROM Taco_Oorder_Tacos; nested exception is org.h2.jdbc.JdbcSQLSyntaxErrorException: Table "TACO_OORDER_TACOS" not found; SQL statement:
DELETE FROM Taco_Oorder_Tacos [42102-199]
Caused by: org.springframework.beans.factory.BeanCreationException: 
Error creating bean with name 'dataSource' defined in class path resource [org/springframework/boot/autoconfigure/jdbc/DataSourceConfiguration$Hikari.class]: Initialization of bean failed; nested exception is org.springframework.beans.factory.BeanCreationException: Error creating bean with name 'org.springframework.boot.autoconfigure.jdbc.DataSourceInitializerInvoker': Invocation of init method failed; nested exception is org.springframework.jdbc.datasource.init.ScriptStatementFailedException: Failed to execute SQL script statement #1 of URL [file:/home/petrarca/Documents/Projects/Spring-in-action/Taco_App/target/classes/data.sql]: DELETE FROM Taco_Oorder_Tacos; nested exception is org.h2.jdbc.JdbcSQLSyntaxErrorException: Table "TACO_OORDER_TACOS" not found; SQL statement:
DELETE FROM Taco_Oorder_Tacos [42102-199]
Caused by: org.springframework.beans.factory.BeanCreationException: 
Error creating bean with name 'org.springframework.boot.autoconfigure.jdbc.DataSourceInitializerInvoker': Invocation of init method failed; nested exception is org.springframework.jdbc.datasource.init.ScriptStatementFailedException: Failed to execute SQL script statement #1 of URL [file:/home/petrarca/Documents/Projects/Spring-in-action/Taco_App/target/classes/data.sql]: DELETE FROM Taco_Oorder_Tacos; nested exception is org.h2.jdbc.JdbcSQLSyntaxErrorException: Table "TACO_OORDER_TACOS" not found; SQL statement:
DELETE FROM Taco_Oorder_Tacos [42102-199]
Caused by: org.springframework.jdbc.datasource.init.ScriptStatementFailedException: 
Failed to execute SQL script statement #1 of URL [file:/home/petrarca/Documents/Projects/Spring-in-action/Taco_App/target/classes/data.sql]: DELETE FROM Taco_Oorder_Tacos; nested exception is org.h2.jdbc.JdbcSQLSyntaxErrorException: Table "TACO_OORDER_TACOS" not found; SQL statement:
DELETE FROM Taco_Oorder_Tacos [42102-199]
Caused by: org.h2.jdbc.JdbcSQLSyntaxErrorException: 
Table "TACO_OORDER_TACOS" not found; SQL statement:
DELETE FROM Taco_Oorder_Tacos [42102-199]

